The system is: Windows - 10.0.18362 - AMD64
Compiling the C compiler identification source file "CMakeCCompilerId.c" succeeded.
Compiler: C:/Program Files (x86)/Microsoft Visual Studio/2019/Community/VC/Tools/MSVC/14.26.28801/bin/Hostx86/x86/cl.exe 
Build flags: 
Id flags:  

The output was:
0
Microsoft (R) C/C++ Optimizing Compiler Version 19.26.28806 for x86
Copyright (C) Microsoft Corporation.  All rights reserved.

CMakeCCompilerId.c
Microsoft (R) Incremental Linker Version 14.26.28806.0
Copyright (C) Microsoft Corporation.  All rights reserved.

/out:CMakeCCompilerId.exe 
CMakeCCompilerId.obj 


Compilation of the C compiler identification source "CMakeCCompilerId.c" produced "CMakeCCompilerId.exe"

Compilation of the C compiler identification source "CMakeCCompilerId.c" produced "CMakeCCompilerId.obj"

The C compiler identification is MSVC, found in "C:/C/clock/cmake-build-debug/CMakeFiles/3.17.3/CompilerIdC/CMakeCCompilerId.exe"

Determining if the C compiler works passed with the following output:
Change Dir: C:/C/clock/cmake-build-debug/CMakeFiles/CMakeTmp

Run Build Command(s):nmake /nologo cmTC_fcf3e\fast && 	"C:\Program Files (x86)\Microsoft Visual Studio\2019\Community\VC\Tools\MSVC\14.26.28801\bin\HostX86\x86\nmake.exe"  -f CMakeFiles\cmTC_fcf3e.dir\build.make /nologo -L                  CMakeFiles\cmTC_fcf3e.dir\build
Building C object CMakeFiles/cmTC_fcf3e.dir/testCCompiler.c.obj
	C:\PROGRA~2\MICROS~1\2019\COMMUN~1\VC\Tools\MSVC\1426~1.288\bin\Hostx86\x86\cl.exe @C:\Users\GERG~1\AppData\Local\Temp\nmA9B0.tmp
testCCompiler.c
Linking C executable cmTC_fcf3e.exe
	"C:\Program Files\JetBrains\CLion 2020.2.1\bin\cmake\win\bin\cmake.exe" -E vs_link_exe --intdir=CMakeFiles\cmTC_fcf3e.dir --rc=C:\PROGRA~2\WI3CF2~1\10\bin\100183~1.0\x86\rc.exe --mt=C:\PROGRA~2\WI3CF2~1\10\bin\100183~1.0\x86\mt.exe --manifests  -- C:\PROGRA~2\MICROS~1\2019\COMMUN~1\VC\Tools\MSVC\1426~1.288\bin\Hostx86\x86\link.exe /nologo @CMakeFiles\cmTC_fcf3e.dir\objects1.rsp @C:\Users\GERG~1\AppData\Local\Temp\nmAB08.tmp



Detecting C compiler ABI info compiled with the following output:
Change Dir: C:/C/clock/cmake-build-debug/CMakeFiles/CMakeTmp

Run Build Command(s):nmake /nologo cmTC_fcadb\fast && 	"C:\Program Files (x86)\Microsoft Visual Studio\2019\Community\VC\Tools\MSVC\14.26.28801\bin\HostX86\x86\nmake.exe"  -f CMakeFiles\cmTC_fcadb.dir\build.make /nologo -L                  CMakeFiles\cmTC_fcadb.dir\build
Building C object CMakeFiles/cmTC_fcadb.dir/CMakeCCompilerABI.c.obj
	C:\PROGRA~2\MICROS~1\2019\COMMUN~1\VC\Tools\MSVC\1426~1.288\bin\Hostx86\x86\cl.exe @C:\Users\GERG~1\AppData\Local\Temp\nmAD1B.tmp
CMakeCCompilerABI.c
Linking C executable cmTC_fcadb.exe
	"C:\Program Files\JetBrains\CLion 2020.2.1\bin\cmake\win\bin\cmake.exe" -E vs_link_exe --intdir=CMakeFiles\cmTC_fcadb.dir --rc=C:\PROGRA~2\WI3CF2~1\10\bin\100183~1.0\x86\rc.exe --mt=C:\PROGRA~2\WI3CF2~1\10\bin\100183~1.0\x86\mt.exe --manifests  -- C:\PROGRA~2\MICROS~1\2019\COMMUN~1\VC\Tools\MSVC\1426~1.288\bin\Hostx86\x86\link.exe /nologo @CMakeFiles\cmTC_fcadb.dir\objects1.rsp @C:\Users\GERG~1\AppData\Local\Temp\nmAD5A.tmp



